<?xml version="1.0" encoding="UTF-8"?>
<testng-results ignored="0" total="2" passed="2" failed="0" skipped="0">
  <reporter-output>
    <line>
      <![CDATA[Customer 'jerry' has been created]]>
    </line>
  </reporter-output>
  <suite started-at="2025-06-10T11:34:29 IST" name="Default suite" finished-at="2025-06-10T11:34:39 IST" duration-ms="9940">
    <groups>
    </groups>
    <test started-at="2025-06-10T11:34:29 IST" name="Default test" finished-at="2025-06-10T11:34:39 IST" duration-ms="9940">
      <class name="com.actitime.testscript.CustomerModule">
        <test-method is-config="true" signature="openBrowser()[pri:0, instance:com.actitime.testscript.CustomerModule@2b4bac49]" started-at="2025-06-10T11:34:29 IST" name="openBrowser" finished-at="2025-06-10T11:34:31 IST" duration-ms="1818" status="PASS">
          <reporter-output>
          </reporter-output>
        </test-method> <!-- openBrowser -->
        <test-method is-config="true" signature="login()[pri:0, instance:com.actitime.testscript.CustomerModule@2b4bac49]" started-at="2025-06-10T11:34:31 IST" name="login" finished-at="2025-06-10T11:34:32 IST" duration-ms="804" status="PASS">
          <reporter-output>
          </reporter-output>
        </test-method> <!-- login -->
        <test-method signature="addUser()[pri:0, instance:com.actitime.testscript.CustomerModule@2b4bac49]" started-at="2025-06-10T11:34:32 IST" name="addUser" finished-at="2025-06-10T11:34:32 IST" duration-ms="15" status="PASS">
          <reporter-output>
          </reporter-output>
        </test-method> <!-- addUser -->
        <test-method is-config="true" signature="logout()[pri:0, instance:com.actitime.testscript.CustomerModule@2b4bac49]" started-at="2025-06-10T11:34:32 IST" name="logout" finished-at="2025-06-10T11:34:33 IST" duration-ms="1293" status="PASS">
          <reporter-output>
          </reporter-output>
        </test-method> <!-- logout -->
        <test-method is-config="true" signature="login()[pri:0, instance:com.actitime.testscript.CustomerModule@2b4bac49]" started-at="2025-06-10T11:34:33 IST" name="login" finished-at="2025-06-10T11:34:33 IST" duration-ms="303" status="PASS">
          <reporter-output>
          </reporter-output>
        </test-method> <!-- login -->
        <test-method signature="createCustomer()[pri:0, instance:com.actitime.testscript.CustomerModule@2b4bac49]" started-at="2025-06-10T11:34:33 IST" name="createCustomer" finished-at="2025-06-10T11:34:39 IST" duration-ms="5082" status="PASS">
          <reporter-output>
            <line>
              <![CDATA[Customer 'jerry' has been created]]>
            </line>
          </reporter-output>
        </test-method> <!-- createCustomer -->
        <test-method is-config="true" signature="logout()[pri:0, instance:com.actitime.testscript.CustomerModule@2b4bac49]" started-at="2025-06-10T11:34:39 IST" name="logout" finished-at="2025-06-10T11:34:39 IST" duration-ms="291" status="PASS">
          <reporter-output>
          </reporter-output>
        </test-method> <!-- logout -->
        <test-method is-config="true" signature="closeBrowser()[pri:0, instance:com.actitime.testscript.CustomerModule@2b4bac49]" started-at="2025-06-10T11:34:39 IST" name="closeBrowser" finished-at="2025-06-10T11:34:39 IST" duration-ms="265" status="PASS">
          <reporter-output>
          </reporter-output>
        </test-method> <!-- closeBrowser -->
      </class> <!-- com.actitime.testscript.CustomerModule -->
    </test> <!-- Default test -->
  </suite> <!-- Default suite -->
</testng-results>
